<?xml version="1.0" encoding="UTF-8"?>
<!-- Generated by org.testng.reporters.JUnitXMLReporter -->
<testsuite hostname="LPTIN454" failures="0" tests="5" name="Default test" time="11.788" errors="0" timestamp="13 Dec 2020 14:06:14 GMT">
  <testcase classname="configuration.Studentaccount.TestCase.AccountStatusApiTest" name="createaccountstatus" time="9.237"/>
  <testcase classname="configuration.Studentaccount.TestCase.AccountStatusApiTest" name="GetAccountStatusAfterSavenew" time="0.458"/>
  <testcase classname="configuration.Studentaccount.TestCase.AccountStatusApiTest" name="SaveAccountStatus" time="0.549"/>
  <testcase classname="configuration.Studentaccount.TestCase.AccountStatusApiTest" name="GetAccountStatusAfterSave" time="0.466"/>
  <testcase classname="configuration.Studentaccount.TestCase.AccountStatusApiTest" name="deleteAccountStatus" time="0.552"/>
</testsuite> <!-- Default test -->
