<?xml version="1.0" encoding="UTF-8"?>
<!-- Generated by org.testng.reporters.JUnitXMLReporter -->
<testsuite hostname="LPTIN454" failures="0" tests="3" name="StudentInfromation" time="11.307" errors="0" timestamp="13 Dec 2020 04:46:54 GMT">
  <testcase classname="configuration.Studentaccount.TestCase.AccountStatusApiTest" name="createaccountstatus" time="9.489"/>
  <testcase classname="configuration.Studentaccount.TestCase.AccountStatusApiTest" name="GetAccountStatus" time="0.43"/>
  <testcase classname="configuration.Studentaccount.TestCase.AccountStatusApiTest" name="SaveAccountStatus" time="0.627"/>
</testsuite> <!-- StudentInfromation -->
